<?xml version="1.0" encoding="UTF-8"?>
<!-- Generated by org.testng.reporters.JUnitReportReporter -->
<testsuite hostname="Mr-Irfan" failures="0" tests="9" name="cucumberOptions.testngRunner" time="0.130" errors="0" timestamp="2024-04-23T14:58:18 IST" skipped="0">
  <testcase classname="cucumberOptions.testngRunner" name="runScenario" time="0.007"/>
  <testcase classname="cucumberOptions.testngRunner" name="runScenario" time="0.011"/>
  <testcase classname="cucumberOptions.testngRunner" name="runScenario" time="0.070"/>
  <testcase classname="cucumberOptions.testngRunner" name="runScenario" time="0.006"/>
  <testcase classname="cucumberOptions.testngRunner" name="runScenario" time="0.006"/>
  <testcase classname="cucumberOptions.testngRunner" name="runScenario" time="0.004"/>
  <testcase classname="cucumberOptions.testngRunner" name="runScenario" time="0.006"/>
  <testcase classname="cucumberOptions.testngRunner" name="runScenario" time="0.012"/>
  <testcase classname="cucumberOptions.testngRunner" name="runScenario" time="0.008"/>
</testsuite> <!-- cucumberOptions.testngRunner -->
